<?xml version="1.0" encoding="UTF-8"?>
<!-- Generated by org.testng.reporters.JUnitXMLReporter -->
<testsuite hostname="MSI" tests="5" failures="0" timestamp="17 Jan 2016 12:30:46 GMT" time="18.343" errors="0">
  <testcase name="SignIn" time="3.879" classname="TestSteps"/>
  <testcase name="createAnEmail" time="8.521" classname="TestSteps"/>
  <testcase name="saveDraft" time="2.162" classname="TestSteps"/>
  <testcase name="navigateToDraftEmail" time="3.628" classname="TestSteps"/>
  <testcase name="sendAnEmail" time="0.136" classname="TestSteps"/>
</testsuite>
